[debug] [2021-05-14T09:16:05.158Z] ----------------------------------------------------------------------
[debug] [2021-05-14T09:16:05.163Z] Command:       /usr/bin/node /usr/bin/firebase emulators:start
[debug] [2021-05-14T09:16:05.164Z] CLI Version:   9.10.0
[debug] [2021-05-14T09:16:05.164Z] Platform:      linux
[debug] [2021-05-14T09:16:05.164Z] Node Version:  v16.0.0
[debug] [2021-05-14T09:16:05.165Z] Time:          Fri May 14 2021 04:16:05 GMT-0500 (Colombia Standard Time)
[debug] [2021-05-14T09:16:05.165Z] ----------------------------------------------------------------------
[debug] 
[debug] [2021-05-14T09:16:05.178Z] > command requires scopes: ["email","openid","https://www.googleapis.com/auth/cloudplatformprojects.readonly","https://www.googleapis.com/auth/firebase","https://www.googleapis.com/auth/cloud-platform"]
[debug] [2021-05-14T09:16:05.179Z] > authorizing via signed-in user (santiagorincon2001@gmail.com)
[info] i  emulators: Starting emulators: functions {"metadata":{"emulator":{"name":"hub"},"message":"Starting emulators: functions"}}
[debug] [2021-05-14T09:16:05.217Z] [hub] writing locator at /tmp/hub-challengeml-8e9b9.json
[warn] ⚠  functions: The following emulators are not running, calls to these services from the Functions emulator will affect production: auth, firestore, database, hosting, pubsub {"metadata":{"emulator":{"name":"functions"},"message":"The following emulators are not running, calls to these services from the Functions emulator will affect production: \u001b[1mauth, firestore, database, hosting, pubsub\u001b[22m"}}
[warn] ⚠  Your requested "node" version "12" doesn't match your global version "16" {"metadata":{"emulator":{"name":"functions"},"message":"Your requested \"node\" version \"12\" doesn't match your global version \"16\""}}
[debug] [2021-05-14T09:16:05.266Z] defaultcredentials: writing to file /home/santiago/.config/firebase/santiagorincon2001_gmail_com_application_default_credentials.json
[debug] [2021-05-14T09:16:05.269Z] Setting GAC to /home/santiago/.config/firebase/santiagorincon2001_gmail_com_application_default_credentials.json {"metadata":{"emulator":{"name":"functions"},"message":"Setting GAC to /home/santiago/.config/firebase/santiagorincon2001_gmail_com_application_default_credentials.json"}}
[debug] [2021-05-14T09:16:05.274Z] > refreshing access token with scopes: []
[debug] [2021-05-14T09:16:05.276Z] >>> HTTP REQUEST POST https://www.googleapis.com/oauth2/v3/token  
 <request body omitted>
[debug] [2021-05-14T09:16:05.842Z] <<< HTTP RESPONSE 200 {"expires":"Mon, 01 Jan 1990 00:00:00 GMT","date":"Fri, 14 May 2021 09:16:05 GMT","pragma":"no-cache","cache-control":"no-cache, no-store, max-age=0, must-revalidate","content-type":"application/json; charset=utf-8","vary":"X-Origin, Referer, Origin,Accept-Encoding","server":"scaffolding on HTTPServer2","x-xss-protection":"0","x-frame-options":"SAMEORIGIN","x-content-type-options":"nosniff","alt-svc":"h3-29=\":443\"; ma=2592000,h3-T051=\":443\"; ma=2592000,h3-Q050=\":443\"; ma=2592000,h3-Q046=\":443\"; ma=2592000,h3-Q043=\":443\"; ma=2592000,quic=\":443\"; ma=2592000; v=\"46,43\"","accept-ranges":"none","transfer-encoding":"chunked"}
[debug] [2021-05-14T09:16:05.957Z] >>> [apiv2][query] GET https://firebase.googleapis.com/v1beta1/projects/challengeml-8e9b9/adminSdkConfig [none]
[debug] [2021-05-14T09:16:06.465Z] <<< [apiv2][status] GET https://firebase.googleapis.com/v1beta1/projects/challengeml-8e9b9/adminSdkConfig 200
[debug] [2021-05-14T09:16:06.465Z] <<< [apiv2][body] GET https://firebase.googleapis.com/v1beta1/projects/challengeml-8e9b9/adminSdkConfig {"projectId":"challengeml-8e9b9","storageBucket":"challengeml-8e9b9.appspot.com","locationId":"us-central"}
[debug] [2021-05-14T09:16:06.545Z] Ignoring unsupported arg: auto_download {"metadata":{"emulator":{"name":"ui"},"message":"Ignoring unsupported arg: auto_download"}}
[debug] [2021-05-14T09:16:06.546Z] Ignoring unsupported arg: port {"metadata":{"emulator":{"name":"ui"},"message":"Ignoring unsupported arg: port"}}
[debug] [2021-05-14T09:16:06.546Z] Starting Emulator UI with command {"binary":"node","args":["/home/santiago/.cache/firebase/emulators/ui-v1.4.2/server.bundle.js"],"optionalArgs":[],"joinArgs":false} {"metadata":{"emulator":{"name":"ui"},"message":"Starting Emulator UI with command {\"binary\":\"node\",\"args\":[\"/home/santiago/.cache/firebase/emulators/ui-v1.4.2/server.bundle.js\"],\"optionalArgs\":[],\"joinArgs\":false}"}}
[info] i  ui: Emulator UI logging to ui-debug.log {"metadata":{"emulator":{"name":"ui"},"message":"Emulator UI logging to \u001b[1mui-debug.log\u001b[22m"}}
[debug] [2021-05-14T09:16:06.788Z] Web / API server started at http://localhost:4000
 {"metadata":{"emulator":{"name":"ui"},"message":"Web / API server started at http://localhost:4000\n"}}
[info] i  functions: Watching "/media/datos/Estudios/Henry/Proyectos/challengeML/functions" for Cloud Functions... {"metadata":{"emulator":{"name":"functions"},"message":"Watching \"/media/datos/Estudios/Henry/Proyectos/challengeML/functions\" for Cloud Functions..."}}
[debug] [2021-05-14T09:16:06.863Z] [worker-pool] addWorker(~diagnostic~) {"metadata":{"emulator":{"name":"functions"},"message":"[worker-pool] addWorker(~diagnostic~)"}}
[debug] [2021-05-14T09:16:06.864Z] [worker-pool] Adding worker with key ~diagnostic~, total=1 {"metadata":{"emulator":{"name":"functions"},"message":"[worker-pool] Adding worker with key ~diagnostic~, total=1"}}
[debug] [2021-05-14T09:16:06.865Z] [worker-pool] submitWork(triggerId=) {"metadata":{"emulator":{"name":"functions"},"message":"[worker-pool] submitWork(triggerId=)"}}
[debug] [2021-05-14T09:16:06.868Z] [worker-~diagnostic~-e912a09b-805f-45a4-b92c-ce62a604c6b1]: Assigning socketPath: /tmp/fire_emu_63740.sock {"metadata":{"emulator":{"name":"functions"},"message":"[worker-~diagnostic~-e912a09b-805f-45a4-b92c-ce62a604c6b1]: Assigning socketPath: /tmp/fire_emu_63740.sock"}}
[debug] [2021-05-14T09:16:06.870Z] [worker-~diagnostic~-e912a09b-805f-45a4-b92c-ce62a604c6b1]: BUSY {"metadata":{"emulator":{"name":"functions"},"message":"[worker-~diagnostic~-e912a09b-805f-45a4-b92c-ce62a604c6b1]: BUSY"}}
[debug] [2021-05-14T09:16:07.236Z] [runtime-status] [63740] Functions runtime initialized. {"cwd":"/media/datos/Estudios/Henry/Proyectos/challengeML/functions","node_version":"16.0.0"} {"metadata":{"emulator":{"name":"functions"},"message":"[runtime-status] [63740] Functions runtime initialized. {\"cwd\":\"/media/datos/Estudios/Henry/Proyectos/challengeML/functions\",\"node_version\":\"16.0.0\"}"}}
[debug] [2021-05-14T09:16:07.237Z] [runtime-status] [63740] Disabled runtime features: undefined {"metadata":{"emulator":{"name":"functions"},"message":"[runtime-status] [63740] Disabled runtime features: undefined"}}
[debug] [2021-05-14T09:16:07.242Z] [runtime-status] [63740] Resolved module firebase-admin {"declared":true,"installed":true,"version":"9.8.0","resolution":"/media/datos/Estudios/Henry/Proyectos/challengeML/functions/node_modules/firebase-admin/lib/index.js"} {"metadata":{"emulator":{"name":"functions"},"message":"[runtime-status] [63740] Resolved module firebase-admin {\"declared\":true,\"installed\":true,\"version\":\"9.8.0\",\"resolution\":\"/media/datos/Estudios/Henry/Proyectos/challengeML/functions/node_modules/firebase-admin/lib/index.js\"}"}}
[debug] [2021-05-14T09:16:07.244Z] [runtime-status] [63740] Resolved module firebase-functions {"declared":true,"installed":true,"version":"3.14.0","resolution":"/media/datos/Estudios/Henry/Proyectos/challengeML/functions/node_modules/firebase-functions/lib/index.js"} {"metadata":{"emulator":{"name":"functions"},"message":"[runtime-status] [63740] Resolved module firebase-functions {\"declared\":true,\"installed\":true,\"version\":\"3.14.0\",\"resolution\":\"/media/datos/Estudios/Henry/Proyectos/challengeML/functions/node_modules/firebase-functions/lib/index.js\"}"}}
[debug] [2021-05-14T09:16:07.246Z] [runtime-status] [63740] Resolved module firebase-functions {"declared":true,"installed":true,"version":"3.14.0","resolution":"/media/datos/Estudios/Henry/Proyectos/challengeML/functions/node_modules/firebase-functions/lib/index.js"} {"metadata":{"emulator":{"name":"functions"},"message":"[runtime-status] [63740] Resolved module firebase-functions {\"declared\":true,\"installed\":true,\"version\":\"3.14.0\",\"resolution\":\"/media/datos/Estudios/Henry/Proyectos/challengeML/functions/node_modules/firebase-functions/lib/index.js\"}"}}
[debug] [2021-05-14T09:16:07.251Z] [runtime-status] [63740] Outgoing network have been stubbed. [{"name":"http","status":"mocked"},{"name":"http","status":"mocked"},{"name":"https","status":"mocked"},{"name":"https","status":"mocked"},{"name":"net","status":"mocked"}] {"metadata":{"emulator":{"name":"functions"},"message":"[runtime-status] [63740] Outgoing network have been stubbed. [{\"name\":\"http\",\"status\":\"mocked\"},{\"name\":\"http\",\"status\":\"mocked\"},{\"name\":\"https\",\"status\":\"mocked\"},{\"name\":\"https\",\"status\":\"mocked\"},{\"name\":\"net\",\"status\":\"mocked\"}]"}}
[debug] [2021-05-14T09:16:07.252Z] [runtime-status] [63740] Resolved module firebase-functions {"declared":true,"installed":true,"version":"3.14.0","resolution":"/media/datos/Estudios/Henry/Proyectos/challengeML/functions/node_modules/firebase-functions/lib/index.js"} {"metadata":{"emulator":{"name":"functions"},"message":"[runtime-status] [63740] Resolved module firebase-functions {\"declared\":true,\"installed\":true,\"version\":\"3.14.0\",\"resolution\":\"/media/datos/Estudios/Henry/Proyectos/challengeML/functions/node_modules/firebase-functions/lib/index.js\"}"}}
[debug] [2021-05-14T09:16:07.351Z] [runtime-status] [63740] Checked functions.config() {"config":{}} {"metadata":{"emulator":{"name":"functions"},"message":"[runtime-status] [63740] Checked functions.config() {\"config\":{}}"}}
[debug] [2021-05-14T09:16:07.352Z] [runtime-status] [63740] firebase-functions has been stubbed. {"functionsResolution":{"declared":true,"installed":true,"version":"3.14.0","resolution":"/media/datos/Estudios/Henry/Proyectos/challengeML/functions/node_modules/firebase-functions/lib/index.js"}} {"metadata":{"emulator":{"name":"functions"},"message":"[runtime-status] [63740] firebase-functions has been stubbed. {\"functionsResolution\":{\"declared\":true,\"installed\":true,\"version\":\"3.14.0\",\"resolution\":\"/media/datos/Estudios/Henry/Proyectos/challengeML/functions/node_modules/firebase-functions/lib/index.js\"}}"}}
[debug] [2021-05-14T09:16:07.352Z] [runtime-status] [63740] Resolved module firebase-functions {"declared":true,"installed":true,"version":"3.14.0","resolution":"/media/datos/Estudios/Henry/Proyectos/challengeML/functions/node_modules/firebase-functions/lib/index.js"} {"metadata":{"emulator":{"name":"functions"},"message":"[runtime-status] [63740] Resolved module firebase-functions {\"declared\":true,\"installed\":true,\"version\":\"3.14.0\",\"resolution\":\"/media/datos/Estudios/Henry/Proyectos/challengeML/functions/node_modules/firebase-functions/lib/index.js\"}"}}
[debug] [2021-05-14T09:16:07.355Z] [runtime-status] [63740] Resolved module firebase-admin {"declared":true,"installed":true,"version":"9.8.0","resolution":"/media/datos/Estudios/Henry/Proyectos/challengeML/functions/node_modules/firebase-admin/lib/index.js"} {"metadata":{"emulator":{"name":"functions"},"message":"[runtime-status] [63740] Resolved module firebase-admin {\"declared\":true,\"installed\":true,\"version\":\"9.8.0\",\"resolution\":\"/media/datos/Estudios/Henry/Proyectos/challengeML/functions/node_modules/firebase-admin/lib/index.js\"}"}}
[debug] [2021-05-14T09:16:07.355Z] [runtime-status] [63740] Resolved module firebase-functions {"declared":true,"installed":true,"version":"3.14.0","resolution":"/media/datos/Estudios/Henry/Proyectos/challengeML/functions/node_modules/firebase-functions/lib/index.js"} {"metadata":{"emulator":{"name":"functions"},"message":"[runtime-status] [63740] Resolved module firebase-functions {\"declared\":true,\"installed\":true,\"version\":\"3.14.0\",\"resolution\":\"/media/datos/Estudios/Henry/Proyectos/challengeML/functions/node_modules/firebase-functions/lib/index.js\"}"}}
[debug] [2021-05-14T09:16:07.356Z] [runtime-status] [63740] firebase-admin has been stubbed. {"adminResolution":{"declared":true,"installed":true,"version":"9.8.0","resolution":"/media/datos/Estudios/Henry/Proyectos/challengeML/functions/node_modules/firebase-admin/lib/index.js"}} {"metadata":{"emulator":{"name":"functions"},"message":"[runtime-status] [63740] firebase-admin has been stubbed. {\"adminResolution\":{\"declared\":true,\"installed\":true,\"version\":\"9.8.0\",\"resolution\":\"/media/datos/Estudios/Henry/Proyectos/challengeML/functions/node_modules/firebase-admin/lib/index.js\"}}"}}
[info] ✔  functions[mutant]: http function initialized (http://localhost:5001/challengeml-8e9b9/us-central1/mutant). {"metadata":{"emulator":{"name":"functions"},"message":"\u001b[1mhttp\u001b[22m function initialized (http://localhost:5001/challengeml-8e9b9/us-central1/mutant)."}}
[info] 
┌─────────────────────────────────────────────────────────────┐
│ ✔  All emulators ready! It is now safe to connect your app. │
│ i  View Emulator UI at http://localhost:4000                │
└─────────────────────────────────────────────────────────────┘

┌───────────┬────────────────┬─────────────────────────────────┐
│ Emulator  │ Host:Port      │ View in Emulator UI             │
├───────────┼────────────────┼─────────────────────────────────┤
│ Functions │ localhost:5001 │ http://localhost:4000/functions │
└───────────┴────────────────┴─────────────────────────────────┘
  Emulator Hub running at localhost:4400
  Other reserved ports: 4500

Issues? Report them at https://github.com/firebase/firebase-tools/issues and attach the *-debug.log files.
 
[debug] [2021-05-14T09:16:07.371Z] [worker-~diagnostic~-e912a09b-805f-45a4-b92c-ce62a604c6b1]: IDLE {"metadata":{"emulator":{"name":"functions"},"message":"[worker-~diagnostic~-e912a09b-805f-45a4-b92c-ce62a604c6b1]: IDLE"}}
[debug] [2021-05-14T09:16:13.398Z] [work-queue] {"queueLength":1,"workRunningCount":0}
[debug] [2021-05-14T09:16:13.399Z] [work-queue] {"queueLength":0,"workRunningCount":1}
[debug] [2021-05-14T09:16:13.400Z] Accepted request POST /challengeml-8e9b9/us-central1/mutant --> mutant
[debug] [2021-05-14T09:16:13.422Z] [worker-pool] addWorker(mutant) {"metadata":{"emulator":{"name":"functions"},"message":"[worker-pool] addWorker(mutant)"}}
[debug] [2021-05-14T09:16:13.423Z] [worker-pool] Adding worker with key mutant, total=1 {"metadata":{"emulator":{"name":"functions"},"message":"[worker-pool] Adding worker with key mutant, total=1"}}
[debug] [2021-05-14T09:16:13.423Z] [worker-pool] submitWork(triggerId=mutant) {"metadata":{"emulator":{"name":"functions"},"message":"[worker-pool] submitWork(triggerId=mutant)"}}
[debug] [2021-05-14T09:16:13.424Z] [worker-mutant-bd5f7de9-e8bc-4062-9eec-9d8f6d76fc26]: Assigning socketPath: /tmp/fire_emu_63758.sock {"metadata":{"emulator":{"name":"functions"},"message":"[worker-mutant-bd5f7de9-e8bc-4062-9eec-9d8f6d76fc26]: Assigning socketPath: /tmp/fire_emu_63758.sock"}}
[debug] [2021-05-14T09:16:13.424Z] [worker-mutant-bd5f7de9-e8bc-4062-9eec-9d8f6d76fc26]: BUSY {"metadata":{"emulator":{"name":"functions"},"message":"[worker-mutant-bd5f7de9-e8bc-4062-9eec-9d8f6d76fc26]: BUSY"}}
[debug] [2021-05-14T09:16:13.807Z] [runtime-status] [63758] Functions runtime initialized. {"cwd":"/media/datos/Estudios/Henry/Proyectos/challengeML/functions","node_version":"16.0.0"} {"metadata":{"emulator":{"name":"functions"},"function":{"name":"mutant"},"message":"[runtime-status] [63758] Functions runtime initialized. {\"cwd\":\"/media/datos/Estudios/Henry/Proyectos/challengeML/functions\",\"node_version\":\"16.0.0\"}"}}
[debug] [2021-05-14T09:16:13.811Z] [runtime-status] [63758] Disabled runtime features: undefined {"metadata":{"emulator":{"name":"functions"},"function":{"name":"mutant"},"message":"[runtime-status] [63758] Disabled runtime features: undefined"}}
[debug] [2021-05-14T09:16:13.816Z] [runtime-status] [63758] Resolved module firebase-admin {"declared":true,"installed":true,"version":"9.8.0","resolution":"/media/datos/Estudios/Henry/Proyectos/challengeML/functions/node_modules/firebase-admin/lib/index.js"} {"metadata":{"emulator":{"name":"functions"},"function":{"name":"mutant"},"message":"[runtime-status] [63758] Resolved module firebase-admin {\"declared\":true,\"installed\":true,\"version\":\"9.8.0\",\"resolution\":\"/media/datos/Estudios/Henry/Proyectos/challengeML/functions/node_modules/firebase-admin/lib/index.js\"}"}}
[debug] [2021-05-14T09:16:13.819Z] [runtime-status] [63758] Resolved module firebase-functions {"declared":true,"installed":true,"version":"3.14.0","resolution":"/media/datos/Estudios/Henry/Proyectos/challengeML/functions/node_modules/firebase-functions/lib/index.js"} {"metadata":{"emulator":{"name":"functions"},"function":{"name":"mutant"},"message":"[runtime-status] [63758] Resolved module firebase-functions {\"declared\":true,\"installed\":true,\"version\":\"3.14.0\",\"resolution\":\"/media/datos/Estudios/Henry/Proyectos/challengeML/functions/node_modules/firebase-functions/lib/index.js\"}"}}
[debug] [2021-05-14T09:16:13.822Z] [runtime-status] [63758] Resolved module firebase-functions {"declared":true,"installed":true,"version":"3.14.0","resolution":"/media/datos/Estudios/Henry/Proyectos/challengeML/functions/node_modules/firebase-functions/lib/index.js"} {"metadata":{"emulator":{"name":"functions"},"function":{"name":"mutant"},"message":"[runtime-status] [63758] Resolved module firebase-functions {\"declared\":true,\"installed\":true,\"version\":\"3.14.0\",\"resolution\":\"/media/datos/Estudios/Henry/Proyectos/challengeML/functions/node_modules/firebase-functions/lib/index.js\"}"}}
[debug] [2021-05-14T09:16:13.828Z] [runtime-status] [63758] Outgoing network have been stubbed. [{"name":"http","status":"mocked"},{"name":"http","status":"mocked"},{"name":"https","status":"mocked"},{"name":"https","status":"mocked"},{"name":"net","status":"mocked"}] {"metadata":{"emulator":{"name":"functions"},"function":{"name":"mutant"},"message":"[runtime-status] [63758] Outgoing network have been stubbed. [{\"name\":\"http\",\"status\":\"mocked\"},{\"name\":\"http\",\"status\":\"mocked\"},{\"name\":\"https\",\"status\":\"mocked\"},{\"name\":\"https\",\"status\":\"mocked\"},{\"name\":\"net\",\"status\":\"mocked\"}]"}}
[debug] [2021-05-14T09:16:13.829Z] [runtime-status] [63758] Resolved module firebase-functions {"declared":true,"installed":true,"version":"3.14.0","resolution":"/media/datos/Estudios/Henry/Proyectos/challengeML/functions/node_modules/firebase-functions/lib/index.js"} {"metadata":{"emulator":{"name":"functions"},"function":{"name":"mutant"},"message":"[runtime-status] [63758] Resolved module firebase-functions {\"declared\":true,\"installed\":true,\"version\":\"3.14.0\",\"resolution\":\"/media/datos/Estudios/Henry/Proyectos/challengeML/functions/node_modules/firebase-functions/lib/index.js\"}"}}
[debug] [2021-05-14T09:16:13.949Z] [runtime-status] [63758] Checked functions.config() {"config":{}} {"metadata":{"emulator":{"name":"functions"},"function":{"name":"mutant"},"message":"[runtime-status] [63758] Checked functions.config() {\"config\":{}}"}}
[debug] [2021-05-14T09:16:13.949Z] [runtime-status] [63758] firebase-functions has been stubbed. {"functionsResolution":{"declared":true,"installed":true,"version":"3.14.0","resolution":"/media/datos/Estudios/Henry/Proyectos/challengeML/functions/node_modules/firebase-functions/lib/index.js"}} {"metadata":{"emulator":{"name":"functions"},"function":{"name":"mutant"},"message":"[runtime-status] [63758] firebase-functions has been stubbed. {\"functionsResolution\":{\"declared\":true,\"installed\":true,\"version\":\"3.14.0\",\"resolution\":\"/media/datos/Estudios/Henry/Proyectos/challengeML/functions/node_modules/firebase-functions/lib/index.js\"}}"}}
[debug] [2021-05-14T09:16:13.951Z] [runtime-status] [63758] Resolved module firebase-functions {"declared":true,"installed":true,"version":"3.14.0","resolution":"/media/datos/Estudios/Henry/Proyectos/challengeML/functions/node_modules/firebase-functions/lib/index.js"} {"metadata":{"emulator":{"name":"functions"},"function":{"name":"mutant"},"message":"[runtime-status] [63758] Resolved module firebase-functions {\"declared\":true,\"installed\":true,\"version\":\"3.14.0\",\"resolution\":\"/media/datos/Estudios/Henry/Proyectos/challengeML/functions/node_modules/firebase-functions/lib/index.js\"}"}}
[debug] [2021-05-14T09:16:13.954Z] [runtime-status] [63758] Resolved module firebase-admin {"declared":true,"installed":true,"version":"9.8.0","resolution":"/media/datos/Estudios/Henry/Proyectos/challengeML/functions/node_modules/firebase-admin/lib/index.js"} {"metadata":{"emulator":{"name":"functions"},"function":{"name":"mutant"},"message":"[runtime-status] [63758] Resolved module firebase-admin {\"declared\":true,\"installed\":true,\"version\":\"9.8.0\",\"resolution\":\"/media/datos/Estudios/Henry/Proyectos/challengeML/functions/node_modules/firebase-admin/lib/index.js\"}"}}
[debug] [2021-05-14T09:16:13.956Z] [runtime-status] [63758] Resolved module firebase-functions {"declared":true,"installed":true,"version":"3.14.0","resolution":"/media/datos/Estudios/Henry/Proyectos/challengeML/functions/node_modules/firebase-functions/lib/index.js"} {"metadata":{"emulator":{"name":"functions"},"function":{"name":"mutant"},"message":"[runtime-status] [63758] Resolved module firebase-functions {\"declared\":true,\"installed\":true,\"version\":\"3.14.0\",\"resolution\":\"/media/datos/Estudios/Henry/Proyectos/challengeML/functions/node_modules/firebase-functions/lib/index.js\"}"}}
[debug] [2021-05-14T09:16:13.957Z] [runtime-status] [63758] firebase-admin has been stubbed. {"adminResolution":{"declared":true,"installed":true,"version":"9.8.0","resolution":"/media/datos/Estudios/Henry/Proyectos/challengeML/functions/node_modules/firebase-admin/lib/index.js"}} {"metadata":{"emulator":{"name":"functions"},"function":{"name":"mutant"},"message":"[runtime-status] [63758] firebase-admin has been stubbed. {\"adminResolution\":{\"declared\":true,\"installed\":true,\"version\":\"9.8.0\",\"resolution\":\"/media/datos/Estudios/Henry/Proyectos/challengeML/functions/node_modules/firebase-admin/lib/index.js\"}}"}}
[debug] [2021-05-14T09:16:13.963Z] [runtime-status] [63758] Trigger "mutant" has been found, beginning invocation! {"metadata":{"emulator":{"name":"functions"},"function":{"name":"mutant"},"message":"[runtime-status] [63758] Trigger \"mutant\" has been found, beginning invocation!"}}
[info] i  functions: Beginning execution of "mutant" {"metadata":{"emulator":{"name":"functions"},"function":{"name":"mutant"},"message":"Beginning execution of \"mutant\""}}
[debug] [2021-05-14T09:16:13.965Z] [runtime-status] [63758] triggerDefinition {"httpsTrigger":{},"name":"mutant","entryPoint":"mutant"} {"metadata":{"emulator":{"name":"functions"},"function":{"name":"mutant"},"message":"[runtime-status] [63758] triggerDefinition {\"httpsTrigger\":{},\"name\":\"mutant\",\"entryPoint\":\"mutant\"}"}}
[debug] [2021-05-14T09:16:13.966Z] [runtime-status] [63758] Running mutant in mode HTTPS {"metadata":{"emulator":{"name":"functions"},"function":{"name":"mutant"},"message":"[runtime-status] [63758] Running mutant in mode HTTPS"}}
[debug] [2021-05-14T09:16:13.976Z] [runtime-status] [63758] Attempting to listen to socketPath: /tmp/fire_emu_63758.sock {"metadata":{"emulator":{"name":"functions"},"function":{"name":"mutant"},"message":"[runtime-status] [63758] Attempting to listen to socketPath: /tmp/fire_emu_63758.sock"}}
[debug] [2021-05-14T09:16:13.982Z] [functions] Runtime ready! Sending request! {"metadata":{"emulator":{"name":"functions"},"message":"[functions] Runtime ready! Sending request!"}}
[debug] [2021-05-14T09:16:13.984Z] [functions] Got req.url=/challengeml-8e9b9/us-central1/mutant, mapping to path=/ {"metadata":{"emulator":{"name":"functions"},"message":"[functions] Got req.url=/challengeml-8e9b9/us-central1/mutant, mapping to path=/"}}
[debug] [2021-05-14T09:16:14.041Z] [runtime-status] [63758] Ephemeral server handling POST request {"metadata":{"emulator":{"name":"functions"},"function":{"name":"mutant"},"message":"[runtime-status] [63758] Ephemeral server handling POST request"}}
[debug] [2021-05-14T09:16:14.817Z] [runtime-status] [63758] Ephemeral server survived. {"metadata":{"emulator":{"name":"functions"},"function":{"name":"mutant"},"message":"[runtime-status] [63758] Ephemeral server survived."}}
[info] i  functions: Finished "mutant" in ~1s {"metadata":{"emulator":{"name":"functions"},"function":{"name":"mutant"},"message":"Finished \"mutant\" in ~1s"}}
[debug] [2021-05-14T09:16:14.823Z] [worker-mutant-bd5f7de9-e8bc-4062-9eec-9d8f6d76fc26]: IDLE {"metadata":{"emulator":{"name":"functions"},"message":"[worker-mutant-bd5f7de9-e8bc-4062-9eec-9d8f6d76fc26]: IDLE"}}
[debug] [2021-05-14T09:16:14.824Z] [work-queue] {"queueLength":0,"workRunningCount":0}
